2024-03-25 15:45:02,181 - INFO - Sending request to: https://www.space-track.org/ajaxauth/login
2024-03-25 15:45:02,181 - INFO - Request method: POST
2024-03-25 15:45:04,132 - INFO - Login successful
2024-03-25 15:45:04,133 - INFO - Sending request to: https://www.space-track.org/basicspacedata/query/class/gp/orderby/NORAD_CAT_ID%20desc/emptyresult/show
2024-03-25 15:45:04,133 - INFO - Request method: GET
2024-03-25 15:45:14,843 - INFO - Data fetched successfully
2024-03-25 15:45:14,843 - INFO - Data size: 65678486 bytes
2024-03-25 15:45:14,843 - INFO - Time taken for login: 0:00:12.662889
2024-03-25 15:45:14,850 - INFO - Time taken for fetching data: 0:00:10.710723
2024-03-25 15:45:31,673 - INFO - Data insertion into PostgreSQL successful.
2024-03-25 15:45:31,673 - INFO - Database connection closed.
2024-03-25 15:53:48,424 - INFO - Sending request to: https://www.space-track.org/ajaxauth/login
2024-03-25 15:53:48,425 - INFO - Request method: POST
2024-03-25 15:53:49,586 - INFO - Login successful
2024-03-25 15:53:49,587 - INFO - Sending request to: https://www.space-track.org/basicspacedata/query/class/gp/orderby/NORAD_CAT_ID%20desc/emptyresult/show
2024-03-25 15:53:49,587 - INFO - Request method: GET
2024-03-25 15:53:56,769 - INFO - Data fetched successfully
2024-03-25 15:53:56,769 - INFO - Data size: 65678486 bytes
2024-03-25 15:53:56,769 - INFO - Time taken for login: 0:00:08.344630
2024-03-25 15:53:56,769 - INFO - Time taken for fetching data: 0:00:07.182909
2024-03-25 15:54:13,331 - INFO - Data insertion into PostgreSQL successful.
2024-03-25 15:54:13,332 - INFO - Database connection closed.
2024-03-25 15:54:13,332 - INFO - Number of objects inserted: (28771, 29090)
2024-03-25 16:06:01,391 - INFO - Sending request to: https://www.space-track.org/ajaxauth/login
2024-03-25 16:06:01,391 - INFO - Request method: POST
2024-03-25 16:06:02,546 - INFO - Login successful
2024-03-25 16:06:02,546 - INFO - Sending request to: https://www.space-track.org/basicspacedata/query/class/gp/orderby/NORAD_CAT_ID%20desc/emptyresult/show
2024-03-25 16:06:02,546 - INFO - Request method: GET
2024-03-25 16:06:09,818 - INFO - Data fetched successfully
2024-03-25 16:06:09,818 - INFO - Data size: 65678582 bytes
2024-03-25 16:06:09,818 - INFO - Time taken for login: 0:00:08.426708
2024-03-25 16:06:09,818 - INFO - Time taken for fetching data: 0:00:07.272048
2024-03-25 16:06:10,260 - ERROR - Error occurred while inserting data into PostgreSQL: tuple index out of range
2024-03-25 16:06:10,261 - INFO - Database connection closed.
2024-03-25 16:06:10,261 - INFO - Number of objects inserted: (0, 0)
2024-03-25 16:07:51,283 - INFO - Sending request to: https://www.space-track.org/ajaxauth/login
2024-03-25 16:07:51,284 - INFO - Request method: POST
2024-03-25 16:07:52,481 - INFO - Login successful
2024-03-25 16:07:52,481 - INFO - Sending request to: https://www.space-track.org/basicspacedata/query/class/gp/orderby/NORAD_CAT_ID%20desc/emptyresult/show
2024-03-25 16:07:52,481 - INFO - Request method: GET
2024-03-25 16:07:58,946 - INFO - Data fetched successfully
2024-03-25 16:07:58,946 - INFO - Data size: 65678582 bytes
2024-03-25 16:07:58,946 - INFO - Time taken for login: 0:00:07.661629
2024-03-25 16:07:58,946 - INFO - Time taken for fetching data: 0:00:06.464571
2024-03-25 16:07:59,379 - ERROR - Error occurred while inserting data into PostgreSQL: tuple index out of range
2024-03-25 16:07:59,380 - INFO - Database connection closed.
2024-03-25 16:07:59,380 - INFO - Number of objects inserted: (0, 0)
2024-03-25 16:31:00,744 - INFO - Sending request to: https://www.space-track.org/ajaxauth/login
2024-03-25 16:31:00,744 - INFO - Request method: POST
2024-03-25 16:31:02,009 - INFO - Login successful
2024-03-25 16:31:02,009 - INFO - Sending request to: https://www.space-track.org/basicspacedata/query/class/gp/orderby/NORAD_CAT_ID%20desc/emptyresult/show
2024-03-25 16:31:02,010 - INFO - Request method: GET
2024-03-25 16:31:13,996 - INFO - Data fetched successfully
2024-03-25 16:31:13,996 - INFO - Data size: 65678687 bytes
2024-03-25 16:31:13,997 - INFO - Time taken for login: 0:00:13.253530
2024-03-25 16:31:13,997 - INFO - Time taken for fetching data: 0:00:11.987724
2024-03-25 16:31:47,578 - INFO - Data insertion into PostgreSQL successful.
2024-03-25 16:31:47,579 - INFO - Database connection closed.
2024-03-25 16:31:47,579 - INFO - Number of objects inserted: (57861, 57861)
