2024-03-22 15:23:13,688 - INFO - Login successful
2024-03-22 15:23:16,624 - INFO - Data fetched successfully
2024-03-22 15:23:25,643 - INFO - Data insertion into PostgreSQL successful.
2024-03-22 15:23:25,643 - INFO - Database connection closed.
2024-03-22 15:23:25,643 - INFO - Number of objects updated in database: 26000
2024-03-24 12:28:33,469 - INFO - Login successful
2024-03-24 12:28:37,513 - INFO - Data fetched successfully
2024-03-24 12:28:46,806 - INFO - Data insertion into PostgreSQL successful.
2024-03-24 12:28:46,806 - INFO - Database connection closed.
2024-03-24 12:28:46,806 - INFO - Number of objects updated in database: 25996
2024-03-24 16:11:36,725 - INFO - Login successful
2024-03-24 16:11:39,840 - INFO - Data fetched successfully
2024-03-24 16:11:47,235 - INFO - Data insertion into PostgreSQL successful.
2024-03-24 16:11:47,235 - INFO - Database connection closed.
2024-03-24 16:11:47,235 - INFO - Number of objects updated in database: 25996
2024-03-24 18:46:28,436 - INFO - Login successful
2024-03-24 18:46:31,231 - INFO - Data fetched successfully
2024-03-24 18:46:39,160 - INFO - Data insertion into PostgreSQL successful.
2024-03-24 18:46:39,160 - INFO - Database connection closed.
2024-03-24 18:46:39,160 - INFO - Number of objects updated in database: 25996
2024-03-25 09:10:07,062 - INFO - Login successful
2024-03-25 09:10:12,465 - INFO - Data fetched successfully
2024-03-25 09:10:22,001 - INFO - Data insertion into PostgreSQL successful.
2024-03-25 09:10:22,002 - INFO - Database connection closed.
2024-03-25 09:10:22,002 - INFO - Number of objects updated in database: 25991
2024-03-25 13:56:07,476 - INFO - Login successful
2024-03-25 13:56:11,164 - INFO - Data fetched successfully
2024-03-25 13:56:18,558 - INFO - Data insertion into PostgreSQL successful.
2024-03-25 13:56:18,558 - INFO - Database connection closed.
2024-03-25 13:56:18,558 - INFO - Number of objects updated in database: 25991
2024-03-25 14:41:37,434 - INFO - Login successful
2024-03-25 14:41:41,843 - INFO - Data fetched successfully
2024-03-25 14:41:50,822 - INFO - Data insertion into PostgreSQL successful.
2024-03-25 14:41:50,824 - INFO - Database connection closed.
2024-03-25 14:41:50,824 - INFO - Number of objects updated in database: 25991
2024-03-26 13:21:53,698 - INFO - Login successful
2024-03-26 13:21:57,494 - INFO - Data fetched successfully
2024-03-26 13:22:08,532 - INFO - Data insertion into PostgreSQL successful.
2024-03-26 13:22:08,543 - INFO - Database connection closed.
2024-03-26 13:22:08,543 - INFO - Number of objects updated in database: 26020
2024-03-27 09:04:04,618 - INFO - Login successful
2024-03-27 09:04:07,956 - INFO - Data fetched successfully
2024-03-27 09:04:20,454 - INFO - Data insertion into PostgreSQL successful.
2024-03-27 09:04:20,455 - INFO - Database connection closed.
2024-03-27 09:04:20,455 - INFO - Number of objects updated in database: 26024
2024-03-27 09:04:22,162 - INFO - Login successful
2024-03-27 09:04:25,690 - INFO - Data fetched successfully
2024-03-27 09:04:35,382 - INFO - Data insertion into PostgreSQL successful.
2024-03-27 09:04:35,382 - INFO - Database connection closed.
2024-03-27 09:04:35,382 - INFO - Number of objects updated in database: 26024
2024-03-27 12:05:08,380 - INFO - Login successful
2024-03-27 12:05:12,007 - INFO - Data fetched successfully
2024-03-27 12:05:21,973 - INFO - Data insertion into PostgreSQL successful.
2024-03-27 12:05:21,973 - INFO - Database connection closed.
2024-03-27 12:05:21,973 - INFO - Number of objects updated in database: 26024
